TN:
SF:src/App.jsx
FN:6,App
FNF:1
FNH:0
FNDA:0,App
DA:7,0
LF:1
LH:0
BRF:0
BRH:0
end_of_record
TN:
SF:src/theme.js
FN:83,gradientBtn
FNF:1
FNH:1
FNDA:282,gradientBtn
DA:3,2
DA:19,2
DA:81,2
DA:84,282
LF:4
LH:4
BRDA:83,0,0,282
BRF:1
BRH:1
end_of_record
TN:
SF:src/context/AuthContext.jsx
FN:9,AuthProvider
FN:20,parseExp
FN:25,(anonymous_2)
FN:33,(anonymous_3)
FN:36,(anonymous_4)
FN:49,(anonymous_5)
FN:54,(anonymous_6)
FN:59,(anonymous_7)
FN:64,(anonymous_8)
FN:66,(anonymous_9)
FN:69,(anonymous_10)
FN:70,(anonymous_11)
FN:77,(anonymous_12)
FN:79,(anonymous_13)
FN:89,(anonymous_14)
FN:90,(anonymous_15)
FN:97,(anonymous_16)
FN:99,(anonymous_17)
FN:109,(anonymous_18)
FN:113,(anonymous_19)
FN:123,(anonymous_20)
FN:133,useAuth
FNF:22
FNH:16
FNDA:65,AuthProvider
FNDA:9,parseExp
FNDA:9,(anonymous_2)
FNDA:5,(anonymous_3)
FNDA:0,(anonymous_4)
FNDA:5,(anonymous_5)
FNDA:0,(anonymous_6)
FNDA:25,(anonymous_7)
FNDA:20,(anonymous_8)
FNDA:25,(anonymous_9)
FNDA:6,(anonymous_10)
FNDA:6,(anonymous_11)
FNDA:0,(anonymous_12)
FNDA:2,(anonymous_13)
FNDA:2,(anonymous_14)
FNDA:2,(anonymous_15)
FNDA:0,(anonymous_16)
FNDA:1,(anonymous_17)
FNDA:0,(anonymous_18)
FNDA:1,(anonymous_19)
FNDA:0,(anonymous_20)
FNDA:306,useAuth
DA:3,3
DA:4,3
DA:5,3
DA:7,3
DA:10,65
DA:17,65
DA:21,9
DA:22,9
DA:25,65
DA:26,9
DA:27,9
DA:28,9
DA:29,0
DA:30,0
DA:33,65
DA:34,5
DA:35,5
DA:36,0
DA:37,0
DA:39,5
DA:40,5
DA:45,5
DA:46,5
DA:47,5
DA:48,5
DA:49,5
DA:50,5
DA:52,0
DA:53,0
DA:54,0
DA:59,65
DA:60,25
DA:61,25
DA:62,5
DA:64,20
DA:66,25
DA:69,65
DA:70,6
DA:71,6
DA:76,5
DA:77,2
DA:78,2
DA:79,2
DA:80,2
DA:82,3
DA:83,3
DA:84,3
DA:85,3
DA:86,3
DA:89,65
DA:90,2
DA:91,2
DA:96,2
DA:97,1
DA:98,1
DA:99,1
DA:100,1
DA:102,1
DA:103,1
DA:104,1
DA:105,1
DA:106,1
DA:107,1
DA:109,0
DA:113,65
DA:114,1
DA:115,1
DA:116,1
DA:117,1
DA:118,1
DA:120,1
DA:126,65
DA:134,306
DA:135,306
DA:136,301
LF:75
LH:67
BRDA:3,0,0,3
BRDA:3,0,1,3
BRDA:13,1,0,65
BRDA:13,1,1,47
BRDA:26,2,0,0
BRDA:26,2,1,9
BRDA:28,3,0,9
BRDA:28,3,1,0
BRDA:35,4,0,0
BRDA:35,4,1,5
BRDA:45,5,0,0
BRDA:45,5,1,5
BRDA:48,6,0,5
BRDA:48,6,1,0
BRDA:61,7,0,5
BRDA:61,7,1,20
BRDA:66,8,0,0
BRDA:66,8,1,25
BRDA:76,9,0,2
BRDA:76,9,1,3
BRDA:78,10,0,2
BRDA:78,10,1,0
BRDA:78,11,0,0
BRDA:78,11,1,0
BRDA:84,12,0,3
BRDA:84,12,1,0
BRDA:96,13,0,1
BRDA:96,13,1,1
BRDA:98,14,0,1
BRDA:98,14,1,0
BRDA:98,15,0,0
BRDA:98,15,1,0
BRDA:103,16,0,1
BRDA:103,16,1,0
BRDA:105,17,0,1
BRDA:105,17,1,0
BRDA:117,18,0,0
BRDA:117,18,1,1
BRDA:135,19,0,4
BRDA:135,19,1,302
BRF:40
BRH:24
end_of_record
TN:
SF:src/pages/LoginPage.jsx
FN:37,SystemPanel
FN:120,(anonymous_1)
FN:140,LoginPage
FN:157,(anonymous_3)
FN:159,(anonymous_4)
FN:219,(anonymous_5)
FN:231,(anonymous_6)
FN:247,(anonymous_7)
FN:260,(anonymous_8)
FN:260,(anonymous_9)
FNF:10
FNH:9
FNDA:56,SystemPanel
FNDA:168,(anonymous_1)
FNDA:56,LoginPage
FNDA:9,(anonymous_3)
FNDA:3,(anonymous_4)
FNDA:0,(anonymous_5)
FNDA:120,(anonymous_6)
FNDA:84,(anonymous_7)
FNDA:2,(anonymous_8)
FNDA:2,(anonymous_9)
DA:24,1
DA:30,1
DA:38,56
DA:121,168
DA:141,56
DA:142,56
DA:143,56
DA:144,56
DA:145,56
DA:150,56
DA:157,56
DA:159,56
DA:160,3
DA:161,3
DA:162,3
DA:163,1
DA:165,1
DA:169,56
DA:219,0
DA:232,120
DA:248,84
DA:260,2
LF:22
LH:21
BRDA:215,0,0,56
BRDA:215,0,1,2
BRDA:238,1,0,120
BRDA:238,1,1,60
BRDA:251,2,0,1
BRDA:251,2,1,83
BRDA:254,3,0,84
BRDA:254,3,1,83
BRDA:262,4,0,1
BRDA:262,4,1,83
BRDA:264,5,0,1
BRDA:264,5,1,83
BRDA:291,6,0,56
BRDA:291,6,1,47
BRDA:294,7,0,9
BRDA:294,7,1,47
BRF:16
BRH:16
end_of_record
TN:
SF:src/pages/SignupPage.jsx
FN:49,(anonymous_0)
FN:55,analyzePassword
FN:72,PasswordStrength
FN:73,(anonymous_3)
FN:79,(anonymous_4)
FN:94,(anonymous_5)
FN:109,SuccessScreen
FN:110,(anonymous_7)
FN:142,(anonymous_8)
FN:151,(anonymous_9)
FN:162,SystemPanel
FN:230,(anonymous_11)
FN:253,SignupPage
FN:284,(anonymous_13)
FN:286,(anonymous_14)
FN:296,(anonymous_15)
FN:338,(anonymous_16)
FN:354,(anonymous_17)
FN:365,(anonymous_18)
FN:380,(anonymous_19)
FN:406,(anonymous_20)
FN:421,(anonymous_21)
FN:438,(anonymous_22)
FN:453,(anonymous_23)
FN:467,(anonymous_24)
FN:467,(anonymous_25)
FN:488,(anonymous_26)
FN:507,(anonymous_27)
FN:507,(anonymous_28)
FN:546,(anonymous_29)
FNF:30
FNH:20
FNDA:93,(anonymous_0)
FNDA:61,analyzePassword
FNDA:224,PasswordStrength
FNDA:61,(anonymous_3)
FNDA:500,(anonymous_4)
FNDA:124,(anonymous_5)
FNDA:2,SuccessScreen
FNDA:4,(anonymous_7)
FNDA:0,(anonymous_8)
FNDA:0,(anonymous_9)
FNDA:226,SystemPanel
FNDA:678,(anonymous_11)
FNDA:226,SignupPage
FNDA:10,(anonymous_13)
FNDA:2,(anonymous_14)
FNDA:0,(anonymous_15)
FNDA:0,(anonymous_16)
FNDA:0,(anonymous_17)
FNDA:259,(anonymous_18)
FNDA:224,(anonymous_19)
FNDA:224,(anonymous_20)
FNDA:672,(anonymous_21)
FNDA:224,(anonymous_22)
FNDA:224,(anonymous_23)
FNDA:0,(anonymous_24)
FNDA:0,(anonymous_25)
FNDA:224,(anonymous_26)
FNDA:0,(anonymous_27)
FNDA:0,(anonymous_28)
FNDA:0,(anonymous_29)
DA:26,1
DA:33,1
DA:49,93
DA:56,61
DA:57,50
DA:58,50
DA:59,50
DA:60,50
DA:61,50
DA:62,50
DA:63,50
DA:69,50
DA:73,224
DA:74,224
DA:75,125
DA:80,500
DA:95,124
DA:110,4
DA:111,2
DA:142,0
DA:151,0
DA:163,226
DA:231,678
DA:254,226
DA:255,226
DA:256,226
DA:257,226
DA:258,226
DA:259,226
DA:260,226
DA:267,226
DA:277,226
DA:278,226
DA:279,226
DA:280,226
DA:281,226
DA:282,226
DA:284,226
DA:286,226
DA:287,2
DA:288,2
DA:289,2
DA:290,1
DA:292,1
DA:296,226
DA:297,0
DA:298,0
DA:301,226
DA:339,0
DA:340,0
DA:354,0
DA:366,259
DA:381,224
DA:407,224
DA:422,672
DA:439,224
DA:454,224
DA:467,0
DA:489,224
DA:507,0
DA:546,0
LF:61
LH:51
BRDA:56,0,0,11
BRDA:56,0,1,50
BRDA:59,1,0,16
BRDA:59,1,1,34
BRDA:60,2,0,44
BRDA:60,2,1,6
BRDA:61,3,0,5
BRDA:61,3,1,45
BRDA:62,4,0,28
BRDA:62,4,1,22
BRDA:69,5,0,50
BRDA:69,5,1,5
BRDA:74,6,0,99
BRDA:74,6,1,125
BRDA:82,7,0,376
BRDA:82,7,1,124
BRDA:91,8,0,125
BRDA:91,8,1,54
BRDA:110,9,0,2
BRDA:110,9,1,0
BRDA:281,10,0,226
BRDA:281,10,1,63
BRDA:289,11,0,2
BRDA:289,11,1,2
BRDA:333,12,0,2
BRDA:333,12,1,224
BRDA:339,13,0,0
BRDA:339,13,1,0
BRDA:352,14,0,224
BRDA:352,14,1,2
BRDA:371,15,0,259
BRDA:371,15,1,248
BRDA:387,16,0,224
BRDA:387,16,1,177
BRDA:390,17,0,114
BRDA:390,17,1,110
BRDA:390,18,0,224
BRDA:390,18,1,120
BRDA:428,19,0,224
BRDA:428,19,1,224
BRDA:457,20,0,0
BRDA:457,20,1,224
BRDA:460,21,0,224
BRDA:460,21,1,169
BRDA:469,22,0,0
BRDA:469,22,1,224
BRDA:471,23,0,0
BRDA:471,23,1,224
BRDA:492,24,0,0
BRDA:492,24,1,224
BRDA:495,25,0,224
BRDA:495,25,1,176
BRDA:500,26,0,14
BRDA:500,26,1,210
BRDA:509,27,0,0
BRDA:509,27,1,210
BRDA:511,28,0,0
BRDA:511,28,1,210
BRDA:520,29,0,224
BRDA:520,29,1,14
BRDA:533,30,0,224
BRDA:533,30,1,217
BRDA:536,31,0,7
BRDA:536,31,1,217
BRF:64
BRH:55
end_of_record
